<?xml version="1.0" encoding="UTF-8"?>
<!-- Generated by org.testng.reporters.JUnitXMLReporter -->
<testsuite hostname="Admin-PC" name="Test" tests="1" failures="1" timestamp="27 May 2018 02:53:15 GMT" time="0.219" errors="0">
  <testcase name="verifyURLStatus" time="0.202" classname="testcases.VerifyURLStatus">
    <failure type="java.lang.NullPointerException">
      <![CDATA[java.lang.NullPointerException
	at utility.ExcelReadWrite.getXlRowCount(ExcelReadWrite.java:39)
	at testcases.VerifyURLStatus.verifyURLStatus(VerifyURLStatus.java:40)
... Removed 24 stack frames]]>
    </failure>
  </testcase> <!-- verifyURLStatus -->
</testsuite> <!-- Test -->
